2019-06-03 09:53:46,160 : INFO  : KNIME-Worker-5 : FileReaderNodeModel : File Reader : 2:46 : Preparing to read from 'file:/C:/Users/hp/Downloads/adult.csv'.
2019-06-03 09:53:46,849 : INFO  : KNIME-Worker-5 : LocalNodeExecutionJob : File Reader : 2:46 : File Reader 2:46 End execute (0 secs)
2019-06-03 09:53:46,950 : INFO  : KNIME-Worker-6 : LocalNodeExecutionJob : Missing Value Column Filter : 2:40 : Missing Value Column Filter 2:40 End execute (0 secs)
2019-06-03 09:53:46,951 : WARN  : KNIME-Worker-6 : Node : Partitioning : 2:42 : Column 'UNS' for stratified sampling does not exist
2019-06-03 09:53:50,486 : WARN  : main : Node : Decision Tree Learner : 2:52 : Class column "UNS" not found or incompatible
2019-06-03 09:53:51,199 : WARN  : main : Node : Decision Tree Learner : 2:52 : Class column "UNS" not found or incompatible
2019-06-03 09:53:53,729 : INFO  : KNIME-Worker-7 : LocalNodeExecutionJob : Partitioning : 2:42 : Partitioning 2:42 End execute (0 secs)
2019-06-03 09:53:53,730 : WARN  : KNIME-Worker-7 : Node : Decision Tree Learner : 2:52 : Class column "UNS" not found or incompatible
2019-06-03 09:53:58,807 : WARN  : main : Node : Scorer : 2:47 : Column UNS not found.
2019-06-03 09:53:59,326 : WARN  : main : Node : Scorer : 2:47 : Column UNS not found.
2019-06-03 09:54:02,058 : INFO  : KNIME-Worker-8 : DecisionTreeLearnerNodeModel2 : Decision Tree Learner : 2:52 : Decision tree consisting of 3589 nodes created with pruning method No pruning
2019-06-03 09:54:02,311 : INFO  : KNIME-Worker-8 : LocalNodeExecutionJob : Decision Tree Learner : 2:52 : Decision Tree Learner 2:52 End execute (0 secs)
2019-06-03 09:54:03,911 : WARN  : KNIME-Worker-5 : Node : Decision Tree Predictor : 2:48 : Tree only stored first 10000 (of 11071) rows for HiLiting!
2019-06-03 09:54:03,922 : INFO  : KNIME-Worker-5 : LocalNodeExecutionJob : Decision Tree Predictor : 2:48 : Decision Tree Predictor 2:48 End execute (1 sec)
2019-06-03 09:54:03,923 : WARN  : KNIME-Worker-5 : Node : Scorer : 2:47 : Column UNS not found.
2019-06-03 09:54:51,114 : INFO  : KNIME-Worker-6 : DecisionTreeLearnerNodeModel2 : Decision Tree Learner : 2:52 : Decision tree consisting of 3589 nodes created with pruning method No pruning
2019-06-03 09:54:51,166 : INFO  : KNIME-Worker-6 : LocalNodeExecutionJob : Decision Tree Learner : 2:52 : Decision Tree Learner 2:52 End execute (0 secs)
2019-06-03 09:54:52,011 : WARN  : KNIME-Worker-7 : Node : Decision Tree Predictor : 2:48 : Tree only stored first 10000 (of 11071) rows for HiLiting!
2019-06-03 09:54:52,020 : INFO  : KNIME-Worker-7 : LocalNodeExecutionJob : Decision Tree Predictor : 2:48 : Decision Tree Predictor 2:48 End execute (0 secs)
2019-06-03 09:54:52,088 : WARN  : KNIME-Worker-8 : Node : Scorer : 2:47 : There were missing values in the reference or in the prediction class columns.
2019-06-03 09:54:52,090 : INFO  : KNIME-Worker-8 : AccuracyScorerNodeModel : Scorer : 2:47 : error=0.17716427461376724, #correct=9001, #false=1938, #rows=11071, #missing=132
2019-06-03 09:54:52,092 : INFO  : KNIME-Worker-8 : LocalNodeExecutionJob : Scorer : 2:47 : Scorer 2:47 End execute (0 secs)
2019-06-03 09:54:52,095 : WARN  : KNIME-Worker-8 : Node : CSV Writer : 2:53 : No destination location provided! Please enter a valid location.
2019-06-03 09:56:05,140 : INFO  : KNIME-Worker-9 : LocalNodeExecutionJob : Missing Value Column Filter : 2:40 : Missing Value Column Filter 2:40 End execute (0 secs)
2019-06-03 09:56:13,289 : INFO  : KNIME-Worker-6 : LocalNodeExecutionJob : Partitioning : 2:42 : Partitioning 2:42 End execute (0 secs)
2019-06-03 09:56:16,273 : INFO  : KNIME-Worker-7 : DecisionTreeLearnerNodeModel2 : Decision Tree Learner : 2:52 : Decision tree consisting of 3672 nodes created with pruning method No pruning
2019-06-03 09:56:16,326 : INFO  : KNIME-Worker-7 : LocalNodeExecutionJob : Decision Tree Learner : 2:52 : Decision Tree Learner 2:52 End execute (0 secs)
2019-06-03 09:56:17,063 : WARN  : KNIME-Worker-8 : Node : Decision Tree Predictor : 2:48 : Tree only stored first 10000 (of 11071) rows for HiLiting!
2019-06-03 09:56:17,070 : INFO  : KNIME-Worker-8 : LocalNodeExecutionJob : Decision Tree Predictor : 2:48 : Decision Tree Predictor 2:48 End execute (0 secs)
2019-06-03 09:56:17,116 : WARN  : KNIME-Worker-9 : Node : Scorer : 2:47 : There were missing values in the reference or in the prediction class columns.
2019-06-03 09:56:17,116 : INFO  : KNIME-Worker-9 : AccuracyScorerNodeModel : Scorer : 2:47 : error=0.17834164023561397, #correct=9067, #false=1968, #rows=11071, #missing=36
2019-06-03 09:56:17,117 : INFO  : KNIME-Worker-9 : LocalNodeExecutionJob : Scorer : 2:47 : Scorer 2:47 End execute (0 secs)
2019-06-03 09:56:17,117 : WARN  : KNIME-Worker-9 : Node : CSV Writer : 2:53 : No destination location provided! Please enter a valid location.
2019-06-03 09:56:34,735 : WARN  : main : Node : Row Filter : 2:54 : No row filter specified
2019-06-03 09:56:55,213 : INFO  : KNIME-Worker-6 : LocalNodeExecutionJob : Missing Value Column Filter : 2:40 : Missing Value Column Filter 2:40 End execute (0 secs)
2019-06-03 09:56:55,213 : WARN  : KNIME-Worker-6 : Node : Row Filter : 2:54 : No row filter specified
2019-06-03 09:57:28,420 : INFO  : KNIME-Worker-7 : LocalNodeExecutionJob : Missing Value Column Filter : 2:40 : Missing Value Column Filter 2:40 End execute (0 secs)
2019-06-03 09:57:28,421 : WARN  : KNIME-Worker-7 : Node : Row Filter : 2:54 : No row filter specified
2019-06-03 09:57:41,852 : INFO  : KNIME-Worker-8 : LocalNodeExecutionJob : Partitioning : 2:42 : Partitioning 2:42 End execute (0 secs)
2019-06-03 09:57:42,210 : INFO  : KNIME-Worker-9 : DecisionTreeLearnerNodeModel2 : Decision Tree Learner : 2:52 : Decision tree consisting of 3671 nodes created with pruning method No pruning
2019-06-03 09:57:42,250 : INFO  : KNIME-Worker-9 : LocalNodeExecutionJob : Decision Tree Learner : 2:52 : Decision Tree Learner 2:52 End execute (0 secs)
2019-06-03 09:57:42,796 : WARN  : KNIME-Worker-6 : Node : Decision Tree Predictor : 2:48 : Tree only stored first 10000 (of 11071) rows for HiLiting!
2019-06-03 09:57:42,805 : INFO  : KNIME-Worker-6 : LocalNodeExecutionJob : Decision Tree Predictor : 2:48 : Decision Tree Predictor 2:48 End execute (0 secs)
2019-06-03 09:57:42,862 : WARN  : KNIME-Worker-7 : Node : Scorer : 2:47 : There were missing values in the reference or in the prediction class columns.
2019-06-03 09:57:42,866 : INFO  : KNIME-Worker-7 : AccuracyScorerNodeModel : Scorer : 2:47 : error=0.1803871901574091, #correct=9060, #false=1994, #rows=11071, #missing=17
2019-06-03 09:57:42,867 : INFO  : KNIME-Worker-7 : LocalNodeExecutionJob : Scorer : 2:47 : Scorer 2:47 End execute (0 secs)
2019-06-03 09:57:42,873 : WARN  : KNIME-Worker-7 : Node : CSV Writer : 2:53 : No destination location provided! Please enter a valid location.
2019-06-03 09:58:38,260 : WARN  : main : WrappedNodeDialog : CSV Writer : 2:53 : failed to apply settings: The comment pattern must be defined in order to add user, creation date or table name
2019-06-03 09:59:29,587 : INFO  : KNIME-Worker-10 : LocalNodeExecutionJob : CSV Writer : 2:53 : CSV Writer 2:53 End execute (0 secs)
2019-06-03 10:10:11,287 : WARN  : main : Node : CSV Reader : 2:54 : No settings available
2019-06-03 10:11:00,123 : ERROR : KNIME-Worker-11 : Node : CSV Reader : 2:54 : Execute failed: Encountered duplicate row ID  "37" at row number 11
2019-06-03 10:11:55,431 : INFO  : KNIME-Worker-12 : FileReaderNodeModel : File Reader : 2:54 : Preparing to read from 'file:/C:/Users/hp/Downloads/adult.csv'.
2019-06-03 10:11:55,944 : INFO  : KNIME-Worker-12 : LocalNodeExecutionJob : File Reader : 2:54 : File Reader 2:54 End execute (0 secs)
2019-06-03 10:12:24,834 : WARN  : main : Node : CSV Writer : 2:1173 : No destination location provided! Please enter a valid location.
2019-06-03 10:12:48,225 : WARN  : main : Node : Java Snippet : 2:1175 : The column "Path" is not found in the input table.
The output column "Path" is marked to be a replacement, but an input with this name does not exist.
2019-06-03 10:13:31,077 : WARN  : main : WrappedNodeDialog : Java Snippet : 2:1175 : failed to apply settings: java.lang.IllegalArgumentException: The input fields table has errors.
2019-06-03 10:14:16,577 : WARN  : main : Node : Java Snippet : 2:1175 : The column "Path" is not found in the input table.
The output column "Path" is marked to be a replacement, but an input with this name does not exist.
2019-06-03 10:15:45,940 : WARN  : main : Node : Java Snippet : 2:1175 : The column "Path" is not found in the input table.
The output column "Path" is marked to be a replacement, but an input with this name does not exist.
2019-06-03 10:15:46,462 : WARN  : main : Node : Java Snippet : 2:1175 : The column "Path" is not found in the input table.
The output column "Path" is marked to be a replacement, but an input with this name does not exist.
2019-06-03 10:15:48,518 : INFO  : KNIME-Worker-13 : LocalNodeExecutionJob : Table Creator : 2:1179 : Table Creator 2:1179 End execute (0 secs)
2019-06-03 10:15:48,554 : WARN  : KNIME-Worker-13 : Node : Java Snippet : 2:1175 : The column "Path" is not found in the input table.
The output column "Path" is marked to be a replacement, but an input with this name does not exist.
2019-06-03 10:16:17,727 : WARN  : main : WrappedNodeDialog : Java Snippet : 2:1175 : failed to apply settings: java.lang.IllegalArgumentException: The output fields table has errors.
2019-06-03 10:16:32,297 : WARN  : main : WrappedNodeDialog : Java Snippet : 2:1175 : failed to apply settings: java.lang.IllegalArgumentException: The output fields table has errors.
2019-06-03 10:17:00,454 : INFO  : KNIME-Worker-14 : LocalNodeExecutionJob : Table Creator : 2:1172 : Table Creator 2:1172 End execute (0 secs)
2019-06-03 10:17:00,524 : INFO  : KNIME-Worker-15 : LocalNodeExecutionJob : Java Snippet : 2:1137 : Java Snippet 2:1137 End execute (0 secs)
2019-06-03 10:18:21,215 : INFO  : KNIME-Worker-14 : LocalNodeExecutionJob : Table Row to Variable : 2:1138 : Table Row to Variable 2:1138 End execute (0 secs)
2019-06-03 10:18:21,219 : INFO  : KNIME-Worker-16 : LocalNodeExecutionJob : Table Creator : 2:1178 : Table Creator 2:1178 End execute (0 secs)
2019-06-03 10:18:21,220 : INFO  : KNIME-Worker-17 : LocalNodeExecutionJob : Table Creator : 2:1174 : Table Creator 2:1174 End execute (0 secs)
2019-06-03 10:18:21,230 : INFO  : KNIME-Worker-15 : LocalNodeExecutionJob : CSV Writer : 2:1173 : CSV Writer 2:1173 End execute (0 secs)
2019-06-03 10:19:47,523 : WARN  : main : Node : Java Snippet : 2:1175 : The column "Path" is not found in the input table.
The output column "Path" is marked to be a replacement, but an input with this name does not exist.
2019-06-03 10:19:48,580 : WARN  : main : Node : Java Snippet : 2:1175 : The column "Path" is not found in the input table.
The output column "Path" is marked to be a replacement, but an input with this name does not exist.
2019-06-03 10:19:55,343 : INFO  : KNIME-Worker-18 : LocalNodeExecutionJob : Table Creator : 2:1179 : Table Creator 2:1179 End execute (0 secs)
2019-06-03 10:19:55,371 : WARN  : KNIME-Worker-18 : Node : Java Snippet : 2:1175 : The column "Path" is not found in the input table.
The output column "Path" is marked to be a replacement, but an input with this name does not exist.
2019-06-03 10:21:04,194 : WARN  : main : Node : Java Snippet : 2:1175 : Compile with errors:
Error in line 19: Duplicate field JSnippet.c_Path
Error in line 23: Duplicate field JSnippet.c_Path

2019-06-03 10:21:05,476 : WARN  : main : Node : Java Snippet : 2:1175 : Compile with errors:
Error in line 19: Duplicate field JSnippet.c_Path
Error in line 23: Duplicate field JSnippet.c_Path

2019-06-03 10:21:07,990 : INFO  : KNIME-Worker-19 : LocalNodeExecutionJob : Table Creator : 2:1180 : Table Creator 2:1180 End execute (0 secs)
2019-06-03 10:22:16,568 : WARN  : main : Node : Java Snippet : 2:1175 : The flow variable "Path" is not found in the input.
Compile with errors:
Error in line 19: Duplicate field JSnippet.c_Path
Error in line 23: Duplicate field JSnippet.c_Path

2019-06-03 10:22:41,112 : WARN  : main : Node : CSV Writer : 2:1177 : Errors overwriting node settings with flow variables: Unknown variable "Path"
2019-06-03 10:22:54,989 : WARN  : main : Node : CSV Writer : 2:1173 : Output file 'C:\temp\Export_20190603.csv' exists and will be overwritten
2019-06-03 10:23:43,355 : WARN  : main : Node : CSV Writer : 2:1173 : No destination location provided! Please enter a valid location.
2019-06-03 10:23:44,240 : WARN  : main : Node : CSV Writer : 2:1173 : No destination location provided! Please enter a valid location.
2019-06-03 10:23:55,337 : INFO  : KNIME-Worker-20 : LocalNodeExecutionJob : Table Creator : 2:1172 : Table Creator 2:1172 End execute (0 secs)
2019-06-03 10:23:55,338 : INFO  : KNIME-Worker-21 : FileReaderNodeModel : File Reader : 2:1174 : Preparing to read from 'file:/C:/Users/hp/Downloads/adult.csv'.
2019-06-03 10:23:55,370 : INFO  : KNIME-Worker-22 : LocalNodeExecutionJob : Java Snippet : 2:1137 : Java Snippet 2:1137 End execute (0 secs)
2019-06-03 10:23:55,372 : INFO  : KNIME-Worker-23 : LocalNodeExecutionJob : Table Row to Variable : 2:1138 : Table Row to Variable 2:1138 End execute (0 secs)
2019-06-03 10:23:55,373 : WARN  : KNIME-Worker-23 : Node : CSV Writer : 2:1173 : Directory 'E:\temp' of output file does not exist
2019-06-03 10:23:55,833 : INFO  : KNIME-Worker-21 : LocalNodeExecutionJob : File Reader : 2:1174 : File Reader 2:1174 End execute (0 secs)
2019-06-03 10:23:55,835 : WARN  : KNIME-Worker-21 : Node : CSV Writer : 2:1173 : Directory 'E:\temp' of output file does not exist
2019-06-03 10:24:10,321 : WARN  : main : Node : CSV Writer : 2:1173 : No destination location provided! Please enter a valid location.
2019-06-03 10:24:11,319 : WARN  : main : Node : CSV Writer : 2:1173 : No destination location provided! Please enter a valid location.
2019-06-03 10:24:13,310 : INFO  : KNIME-Worker-20 : LocalNodeExecutionJob : Table Creator : 2:1172 : Table Creator 2:1172 End execute (0 secs)
2019-06-03 10:24:13,341 : INFO  : KNIME-Worker-22 : LocalNodeExecutionJob : Java Snippet : 2:1137 : Java Snippet 2:1137 End execute (0 secs)
2019-06-03 10:24:13,342 : INFO  : KNIME-Worker-23 : LocalNodeExecutionJob : Table Row to Variable : 2:1138 : Table Row to Variable 2:1138 End execute (0 secs)
2019-06-03 10:24:13,685 : INFO  : KNIME-Worker-21 : LocalNodeExecutionJob : CSV Writer : 2:1173 : CSV Writer 2:1173 End execute (0 secs)
2019-06-03 10:24:49,258 : WARN  : main : Node : CSV Writer : 2:1173 : No destination location provided! Please enter a valid location.
2019-06-03 10:24:49,978 : WARN  : main : Node : CSV Writer : 2:1173 : No destination location provided! Please enter a valid location.
2019-06-03 10:24:52,063 : INFO  : KNIME-Worker-20 : LocalNodeExecutionJob : Java Snippet : 2:1137 : Java Snippet 2:1137 End execute (0 secs)
2019-06-03 10:24:52,064 : INFO  : KNIME-Worker-22 : LocalNodeExecutionJob : Table Row to Variable : 2:1138 : Table Row to Variable 2:1138 End execute (0 secs)
2019-06-03 10:24:52,302 : INFO  : KNIME-Worker-23 : LocalNodeExecutionJob : CSV Writer : 2:1173 : CSV Writer 2:1173 End execute (0 secs)
